<?xml version="1.0" encoding="UTF-8"?>
<!-- Generated by org.testng.reporters.JUnitXMLReporter -->
<testsuite hostname="INBLRWIT215776" name="Test" tests="7" failures="2" timestamp="15 Jul 2016 14:53:43 GMT" time="43.143" errors="0">
  <testcase name="AdminstratorTab" time="0.056" classname="com.volvo.fcs.PrepareEquipment">
    <failure type="java.lang.NullPointerException">
      <![CDATA[java.lang.NullPointerException
	at com.volvo.fcs.PrepareEquipment.AdminstratorTab(PrepareEquipment.java:55)
... Removed 24 stack frames]]>
    </failure>
  </testcase> <!-- AdminstratorTab -->
  <testcase name="MozillaBrowserOpen" time="43.058" classname="com.volvo.fcs.PrepareEquipment">
    <failure type="java.io.IOException" message="Cannot run program &amp;quot;C:\Users\A215776\Desktop\WindowAuthen.exe&amp;quot;: CreateProcess error=216, This version of %1 is not compatible with the version of Windows you&amp;apos;re running. Check your computer&amp;apos;s system information to see whether you need a x86 (32-bit) or x64 (64-bit) version of the program, and then contact the software publisher">
      <![CDATA[java.io.IOException: Cannot run program "C:\Users\A215776\Desktop\WindowAuthen.exe": CreateProcess error=216, This version of %1 is not compatible with the version of Windows you're running. Check your computer's system information to see whether you need a x86 (32-bit) or x64 (64-bit) version of the program, and then contact the software publisher
	at java.lang.ProcessBuilder.start(ProcessBuilder.java:1048)
	at java.lang.Runtime.exec(Runtime.java:620)
	at java.lang.Runtime.exec(Runtime.java:450)
	at java.lang.Runtime.exec(Runtime.java:347)
	at com.volvo.fcs.OpenBrowser.MozillaBrowserOpen(OpenBrowser.java:19)
Caused by: java.io.IOException: CreateProcess error=216, This version of %1 is not compatible with the version of Windows you're running. Check your computer's system information to see whether you need a x86 (32-bit) or x64 (64-bit) version of the program, and then contact the software publisher
	at java.lang.ProcessImpl.create(Native Method)
	at java.lang.ProcessImpl.<init>(ProcessImpl.java:386)
	at java.lang.ProcessImpl.start(ProcessImpl.java:137)
	at java.lang.ProcessBuilder.start(ProcessBuilder.java:1029)
	... 28 more
... Removed 24 stack frames]]>
    </failure>
  </testcase> <!-- MozillaBrowserOpen -->
  <testcase name="PrepareEquipmentPage" time="0.001" classname="com.volvo.fcs.PrepareEquipment">
    <skipped/>
  </testcase> <!-- PrepareEquipmentPage -->
  <testcase name="ClickingAddEquipmentButton" time="0.0" classname="com.volvo.fcs.PrepareEquipment">
    <skipped/>
  </testcase> <!-- ClickingAddEquipmentButton -->
  <testcase name="SaveEquipment" time="0.0" classname="com.volvo.fcs.PrepareEquipment">
    <skipped/>
  </testcase> <!-- SaveEquipment -->
  <testcase name="EquipmentDetails" time="0.0" classname="com.volvo.fcs.PrepareEquipment">
    <skipped/>
  </testcase> <!-- EquipmentDetails -->
  <testcase name="DeleteEquipment" time="0.0" classname="com.volvo.fcs.PrepareEquipment">
    <skipped/>
  </testcase> <!-- DeleteEquipment -->
</testsuite> <!-- Test -->
