<?xml version="1.0" encoding="UTF-8"?>
<!-- Generated by org.testng.reporters.JUnitXMLReporter -->
<testsuite hostname="INBLRWIT215776" name="PrepareReports" tests="4" failures="1" timestamp="22 Aug 2016 06:58:32 GMT" time="0.022" errors="0">
  <testcase name="AdministratorTab" time="0.003" classname="testNGClass.PrepareReports">
    <failure type="java.lang.NullPointerException">
      <![CDATA[java.lang.NullPointerException
	at testNGClass.PrepareReports.AdministratorTab(PrepareReports.java:24)
... Removed 24 stack frames]]>
    </failure>
  </testcase> <!-- AdministratorTab -->
  <testcase name="PrepareReport" time="0.0" classname="testNGClass.PrepareReports">
    <skipped/>
  </testcase> <!-- PrepareReport -->
  <testcase name="AddPrepareReports" time="0.0" classname="testNGClass.PrepareReports">
    <skipped/>
  </testcase> <!-- AddPrepareReports -->
  <testcase name="DeletePrepareReports" time="0.001" classname="testNGClass.PrepareReports">
    <skipped/>
  </testcase> <!-- DeletePrepareReports -->
</testsuite> <!-- PrepareReports -->
